2025-03-03 16:06:57.334 +03:00 [INF] Executed DbCommand (32ms) [Parameters=[], CommandType='"Text"', CommandTimeout='30']
SELECT EXISTS (
    SELECT 1 FROM pg_catalog.pg_class c
    JOIN pg_catalog.pg_namespace n ON n.oid=c.relnamespace
    WHERE n.nspname='public' AND
          c.relname='__EFMigrationsHistory'
)
2025-03-03 16:06:57.367 +03:00 [INF] Executed DbCommand (2ms) [Parameters=[], CommandType='"Text"', CommandTimeout='30']
SELECT "MigrationId", "ProductVersion"
FROM "__EFMigrationsHistory"
ORDER BY "MigrationId";
2025-03-03 16:06:57.381 +03:00 [INF] Executed DbCommand (1ms) [Parameters=[], CommandType='"Text"', CommandTimeout='30']
SELECT EXISTS (
    SELECT 1 FROM pg_catalog.pg_class c
    JOIN pg_catalog.pg_namespace n ON n.oid=c.relnamespace
    WHERE n.nspname='public' AND
          c.relname='__EFMigrationsHistory'
)
2025-03-03 16:06:57.390 +03:00 [INF] Executed DbCommand (1ms) [Parameters=[], CommandType='"Text"', CommandTimeout='30']
SELECT EXISTS (
    SELECT 1 FROM pg_catalog.pg_class c
    JOIN pg_catalog.pg_namespace n ON n.oid=c.relnamespace
    WHERE n.nspname='public' AND
          c.relname='__EFMigrationsHistory'
)
2025-03-03 16:06:57.390 +03:00 [INF] Executed DbCommand (0ms) [Parameters=[], CommandType='"Text"', CommandTimeout='30']
SELECT "MigrationId", "ProductVersion"
FROM "__EFMigrationsHistory"
ORDER BY "MigrationId";
2025-03-03 16:06:57.397 +03:00 [INF] Applying migration '20250303121113_InitialSetup'.
2025-03-03 16:06:57.434 +03:00 [ERR] Failed executing DbCommand (6ms) [Parameters=[], CommandType='"Text"', CommandTimeout='30']
CREATE TABLE public."Abouts" (
    "Id" integer GENERATED BY DEFAULT AS IDENTITY,
    "ImageURL" text,
    "Description" text,
    CONSTRAINT "PK_Abouts" PRIMARY KEY ("Id")
);
2025-03-03 16:06:57.448 +03:00 [ERR] An error occurred during database migration or admin user creation
Npgsql.PostgresException (0x80004005): 42P07: relation "Abouts" already exists
   at Npgsql.Internal.NpgsqlConnector.ReadMessageLong(Boolean async, DataRowLoadingMode dataRowLoadingMode, Boolean readingNotifications, Boolean isReadingPrependedMessage)
   at System.Runtime.CompilerServices.PoolingAsyncValueTaskMethodBuilder`1.StateMachineBox`1.System.Threading.Tasks.Sources.IValueTaskSource<TResult>.GetResult(Int16 token)
   at Npgsql.NpgsqlDataReader.NextResult(Boolean async, Boolean isConsuming, CancellationToken cancellationToken)
   at Npgsql.NpgsqlDataReader.NextResult(Boolean async, Boolean isConsuming, CancellationToken cancellationToken)
   at Npgsql.NpgsqlDataReader.NextResult()
   at Npgsql.NpgsqlCommand.ExecuteReader(Boolean async, CommandBehavior behavior, CancellationToken cancellationToken)
   at Npgsql.NpgsqlCommand.ExecuteReader(Boolean async, CommandBehavior behavior, CancellationToken cancellationToken)
   at Npgsql.NpgsqlCommand.ExecuteNonQuery(Boolean async, CancellationToken cancellationToken)
   at Npgsql.NpgsqlCommand.ExecuteNonQuery()
   at Microsoft.EntityFrameworkCore.Storage.RelationalCommand.ExecuteNonQuery(RelationalCommandParameterObject parameterObject)
   at Microsoft.EntityFrameworkCore.Migrations.MigrationCommand.ExecuteNonQuery(IRelationalConnection connection, IReadOnlyDictionary`2 parameterValues)
   at Microsoft.EntityFrameworkCore.Migrations.Internal.MigrationCommandExecutor.ExecuteNonQuery(IEnumerable`1 migrationCommands, IRelationalConnection connection)
   at Microsoft.EntityFrameworkCore.Migrations.Internal.Migrator.Migrate(String targetMigration)
   at Npgsql.EntityFrameworkCore.PostgreSQL.Migrations.Internal.NpgsqlMigrator.Migrate(String targetMigration)
   at Microsoft.EntityFrameworkCore.RelationalDatabaseFacadeExtensions.Migrate(DatabaseFacade databaseFacade)
   at Program.<Main>$(String[] args) in /Users/senolerdem/EasyTrip/EasyTripProject/Program.cs:line 67
  Exception data:
    Severity: ERROR
    SqlState: 42P07
    MessageText: relation "Abouts" already exists
    File: heap.c
    Line: 1161
    Routine: heap_create_with_catalog
2025-03-03 16:06:57.476 +03:00 [INF] User profile is available. Using '/Users/senolerdem/.aspnet/DataProtection-Keys' as key repository; keys will not be encrypted at rest.
2025-03-03 16:06:57.529 +03:00 [ERR] Hosting failed to start
System.IO.IOException: Failed to bind to address http://127.0.0.1:5250: address already in use.
 ---> Microsoft.AspNetCore.Connections.AddressInUseException: Address already in use
 ---> System.Net.Sockets.SocketException (48): Address already in use
   at System.Net.Sockets.Socket.DoBind(EndPoint endPointSnapshot, SocketAddress socketAddress)
   at System.Net.Sockets.Socket.Bind(EndPoint localEP)
   at Microsoft.AspNetCore.Server.Kestrel.Transport.Sockets.SocketTransportOptions.CreateDefaultBoundListenSocket(EndPoint endpoint)
   at Microsoft.AspNetCore.Server.Kestrel.Transport.Sockets.SocketConnectionListener.Bind()
   --- End of inner exception stack trace ---
   at Microsoft.AspNetCore.Server.Kestrel.Transport.Sockets.SocketConnectionListener.Bind()
   at Microsoft.AspNetCore.Server.Kestrel.Transport.Sockets.SocketTransportFactory.BindAsync(EndPoint endpoint, CancellationToken cancellationToken)
   at Microsoft.AspNetCore.Server.Kestrel.Core.Internal.Infrastructure.TransportManager.BindAsync(EndPoint endPoint, ConnectionDelegate connectionDelegate, EndpointConfig endpointConfig, CancellationToken cancellationToken)
   at Microsoft.AspNetCore.Server.Kestrel.Core.KestrelServerImpl.<>c__DisplayClass28_0`1.<<StartAsync>g__OnBind|0>d.MoveNext()
--- End of stack trace from previous location ---
   at Microsoft.AspNetCore.Server.Kestrel.Core.Internal.AddressBinder.BindEndpointAsync(ListenOptions endpoint, AddressBindContext context, CancellationToken cancellationToken)
   --- End of inner exception stack trace ---
   at Microsoft.AspNetCore.Server.Kestrel.Core.Internal.AddressBinder.BindEndpointAsync(ListenOptions endpoint, AddressBindContext context, CancellationToken cancellationToken)
   at Microsoft.AspNetCore.Server.Kestrel.Core.LocalhostListenOptions.BindAsync(AddressBindContext context, CancellationToken cancellationToken)
   at Microsoft.AspNetCore.Server.Kestrel.Core.Internal.AddressBinder.AddressesStrategy.BindAsync(AddressBindContext context, CancellationToken cancellationToken)
   at Microsoft.AspNetCore.Server.Kestrel.Core.Internal.AddressBinder.BindAsync(ListenOptions[] listenOptions, AddressBindContext context, Func`2 useHttps, CancellationToken cancellationToken)
   at Microsoft.AspNetCore.Server.Kestrel.Core.KestrelServerImpl.BindAsync(CancellationToken cancellationToken)
   at Microsoft.AspNetCore.Server.Kestrel.Core.KestrelServerImpl.StartAsync[TContext](IHttpApplication`1 application, CancellationToken cancellationToken)
   at Microsoft.AspNetCore.Hosting.GenericWebHostService.StartAsync(CancellationToken cancellationToken)
   at Microsoft.Extensions.Hosting.Internal.Host.<StartAsync>b__15_1(IHostedService service, CancellationToken token)
   at Microsoft.Extensions.Hosting.Internal.Host.ForeachService[T](IEnumerable`1 services, CancellationToken token, Boolean concurrent, Boolean abortOnFirstException, List`1 exceptions, Func`3 operation)
2025-03-03 16:07:06.116 +03:00 [INF] Executed DbCommand (28ms) [Parameters=[], CommandType='"Text"', CommandTimeout='30']
SELECT EXISTS (
    SELECT 1 FROM pg_catalog.pg_class c
    JOIN pg_catalog.pg_namespace n ON n.oid=c.relnamespace
    WHERE n.nspname='public' AND
          c.relname='__EFMigrationsHistory'
)
2025-03-03 16:07:06.141 +03:00 [INF] Executed DbCommand (2ms) [Parameters=[], CommandType='"Text"', CommandTimeout='30']
SELECT "MigrationId", "ProductVersion"
FROM "__EFMigrationsHistory"
ORDER BY "MigrationId";
2025-03-03 16:07:06.155 +03:00 [INF] Executed DbCommand (1ms) [Parameters=[], CommandType='"Text"', CommandTimeout='30']
SELECT EXISTS (
    SELECT 1 FROM pg_catalog.pg_class c
    JOIN pg_catalog.pg_namespace n ON n.oid=c.relnamespace
    WHERE n.nspname='public' AND
          c.relname='__EFMigrationsHistory'
)
2025-03-03 16:07:06.163 +03:00 [INF] Executed DbCommand (1ms) [Parameters=[], CommandType='"Text"', CommandTimeout='30']
SELECT EXISTS (
    SELECT 1 FROM pg_catalog.pg_class c
    JOIN pg_catalog.pg_namespace n ON n.oid=c.relnamespace
    WHERE n.nspname='public' AND
          c.relname='__EFMigrationsHistory'
)
2025-03-03 16:07:06.164 +03:00 [INF] Executed DbCommand (0ms) [Parameters=[], CommandType='"Text"', CommandTimeout='30']
SELECT "MigrationId", "ProductVersion"
FROM "__EFMigrationsHistory"
ORDER BY "MigrationId";
2025-03-03 16:07:06.170 +03:00 [INF] Applying migration '20250303121113_InitialSetup'.
2025-03-03 16:07:06.202 +03:00 [ERR] Failed executing DbCommand (5ms) [Parameters=[], CommandType='"Text"', CommandTimeout='30']
CREATE TABLE public."Abouts" (
    "Id" integer GENERATED BY DEFAULT AS IDENTITY,
    "ImageURL" text,
    "Description" text,
    CONSTRAINT "PK_Abouts" PRIMARY KEY ("Id")
);
2025-03-03 16:07:06.205 +03:00 [ERR] An error occurred during database migration or admin user creation
Npgsql.PostgresException (0x80004005): 42P07: relation "Abouts" already exists
   at Npgsql.Internal.NpgsqlConnector.ReadMessageLong(Boolean async, DataRowLoadingMode dataRowLoadingMode, Boolean readingNotifications, Boolean isReadingPrependedMessage)
   at System.Runtime.CompilerServices.PoolingAsyncValueTaskMethodBuilder`1.StateMachineBox`1.System.Threading.Tasks.Sources.IValueTaskSource<TResult>.GetResult(Int16 token)
   at Npgsql.NpgsqlDataReader.NextResult(Boolean async, Boolean isConsuming, CancellationToken cancellationToken)
   at Npgsql.NpgsqlDataReader.NextResult(Boolean async, Boolean isConsuming, CancellationToken cancellationToken)
   at Npgsql.NpgsqlDataReader.NextResult()
   at Npgsql.NpgsqlCommand.ExecuteReader(Boolean async, CommandBehavior behavior, CancellationToken cancellationToken)
   at Npgsql.NpgsqlCommand.ExecuteReader(Boolean async, CommandBehavior behavior, CancellationToken cancellationToken)
   at Npgsql.NpgsqlCommand.ExecuteNonQuery(Boolean async, CancellationToken cancellationToken)
   at Npgsql.NpgsqlCommand.ExecuteNonQuery()
   at Microsoft.EntityFrameworkCore.Storage.RelationalCommand.ExecuteNonQuery(RelationalCommandParameterObject parameterObject)
   at Microsoft.EntityFrameworkCore.Migrations.MigrationCommand.ExecuteNonQuery(IRelationalConnection connection, IReadOnlyDictionary`2 parameterValues)
   at Microsoft.EntityFrameworkCore.Migrations.Internal.MigrationCommandExecutor.ExecuteNonQuery(IEnumerable`1 migrationCommands, IRelationalConnection connection)
   at Microsoft.EntityFrameworkCore.Migrations.Internal.Migrator.Migrate(String targetMigration)
   at Npgsql.EntityFrameworkCore.PostgreSQL.Migrations.Internal.NpgsqlMigrator.Migrate(String targetMigration)
   at Microsoft.EntityFrameworkCore.RelationalDatabaseFacadeExtensions.Migrate(DatabaseFacade databaseFacade)
   at Program.<Main>$(String[] args) in /Users/senolerdem/EasyTrip/EasyTripProject/Program.cs:line 67
  Exception data:
    Severity: ERROR
    SqlState: 42P07
    MessageText: relation "Abouts" already exists
    File: heap.c
    Line: 1161
    Routine: heap_create_with_catalog
2025-03-03 16:07:06.216 +03:00 [INF] User profile is available. Using '/Users/senolerdem/.aspnet/DataProtection-Keys' as key repository; keys will not be encrypted at rest.
2025-03-03 16:07:06.235 +03:00 [ERR] Hosting failed to start
System.IO.IOException: Failed to bind to address http://127.0.0.1:5250: address already in use.
 ---> Microsoft.AspNetCore.Connections.AddressInUseException: Address already in use
 ---> System.Net.Sockets.SocketException (48): Address already in use
   at System.Net.Sockets.Socket.DoBind(EndPoint endPointSnapshot, SocketAddress socketAddress)
   at System.Net.Sockets.Socket.Bind(EndPoint localEP)
   at Microsoft.AspNetCore.Server.Kestrel.Transport.Sockets.SocketTransportOptions.CreateDefaultBoundListenSocket(EndPoint endpoint)
   at Microsoft.AspNetCore.Server.Kestrel.Transport.Sockets.SocketConnectionListener.Bind()
   --- End of inner exception stack trace ---
   at Microsoft.AspNetCore.Server.Kestrel.Transport.Sockets.SocketConnectionListener.Bind()
   at Microsoft.AspNetCore.Server.Kestrel.Transport.Sockets.SocketTransportFactory.BindAsync(EndPoint endpoint, CancellationToken cancellationToken)
   at Microsoft.AspNetCore.Server.Kestrel.Core.Internal.Infrastructure.TransportManager.BindAsync(EndPoint endPoint, ConnectionDelegate connectionDelegate, EndpointConfig endpointConfig, CancellationToken cancellationToken)
   at Microsoft.AspNetCore.Server.Kestrel.Core.KestrelServerImpl.<>c__DisplayClass28_0`1.<<StartAsync>g__OnBind|0>d.MoveNext()
--- End of stack trace from previous location ---
   at Microsoft.AspNetCore.Server.Kestrel.Core.Internal.AddressBinder.BindEndpointAsync(ListenOptions endpoint, AddressBindContext context, CancellationToken cancellationToken)
   --- End of inner exception stack trace ---
   at Microsoft.AspNetCore.Server.Kestrel.Core.Internal.AddressBinder.BindEndpointAsync(ListenOptions endpoint, AddressBindContext context, CancellationToken cancellationToken)
   at Microsoft.AspNetCore.Server.Kestrel.Core.LocalhostListenOptions.BindAsync(AddressBindContext context, CancellationToken cancellationToken)
   at Microsoft.AspNetCore.Server.Kestrel.Core.Internal.AddressBinder.AddressesStrategy.BindAsync(AddressBindContext context, CancellationToken cancellationToken)
   at Microsoft.AspNetCore.Server.Kestrel.Core.Internal.AddressBinder.BindAsync(ListenOptions[] listenOptions, AddressBindContext context, Func`2 useHttps, CancellationToken cancellationToken)
   at Microsoft.AspNetCore.Server.Kestrel.Core.KestrelServerImpl.BindAsync(CancellationToken cancellationToken)
   at Microsoft.AspNetCore.Server.Kestrel.Core.KestrelServerImpl.StartAsync[TContext](IHttpApplication`1 application, CancellationToken cancellationToken)
   at Microsoft.AspNetCore.Hosting.GenericWebHostService.StartAsync(CancellationToken cancellationToken)
   at Microsoft.Extensions.Hosting.Internal.Host.<StartAsync>b__15_1(IHostedService service, CancellationToken token)
   at Microsoft.Extensions.Hosting.Internal.Host.ForeachService[T](IEnumerable`1 services, CancellationToken token, Boolean concurrent, Boolean abortOnFirstException, List`1 exceptions, Func`3 operation)
2025-03-03 16:10:05.511 +03:00 [INF] Executed DbCommand (28ms) [Parameters=[], CommandType='"Text"', CommandTimeout='30']
SELECT EXISTS (
    SELECT 1 FROM pg_catalog.pg_class c
    JOIN pg_catalog.pg_namespace n ON n.oid=c.relnamespace
    WHERE n.nspname='public' AND
          c.relname='__EFMigrationsHistory'
)
2025-03-03 16:10:05.537 +03:00 [INF] Executed DbCommand (2ms) [Parameters=[], CommandType='"Text"', CommandTimeout='30']
SELECT "MigrationId", "ProductVersion"
FROM "__EFMigrationsHistory"
ORDER BY "MigrationId";
2025-03-03 16:10:05.547 +03:00 [INF] Executed DbCommand (1ms) [Parameters=[], CommandType='"Text"', CommandTimeout='30']
SELECT EXISTS (
    SELECT 1 FROM pg_catalog.pg_class c
    JOIN pg_catalog.pg_namespace n ON n.oid=c.relnamespace
    WHERE n.nspname='public' AND
          c.relname='__EFMigrationsHistory'
)
2025-03-03 16:10:05.552 +03:00 [INF] Executed DbCommand (1ms) [Parameters=[], CommandType='"Text"', CommandTimeout='30']
SELECT EXISTS (
    SELECT 1 FROM pg_catalog.pg_class c
    JOIN pg_catalog.pg_namespace n ON n.oid=c.relnamespace
    WHERE n.nspname='public' AND
          c.relname='__EFMigrationsHistory'
)
2025-03-03 16:10:05.553 +03:00 [INF] Executed DbCommand (0ms) [Parameters=[], CommandType='"Text"', CommandTimeout='30']
SELECT "MigrationId", "ProductVersion"
FROM "__EFMigrationsHistory"
ORDER BY "MigrationId";
2025-03-03 16:10:05.558 +03:00 [INF] Applying migration '20250303121113_InitialSetup'.
2025-03-03 16:10:05.605 +03:00 [ERR] Failed executing DbCommand (19ms) [Parameters=[], CommandType='"Text"', CommandTimeout='30']
CREATE TABLE public."Abouts" (
    "Id" integer GENERATED BY DEFAULT AS IDENTITY,
    "ImageURL" text,
    "Description" text,
    CONSTRAINT "PK_Abouts" PRIMARY KEY ("Id")
);
2025-03-03 16:10:05.608 +03:00 [ERR] An error occurred during database migration or admin user creation
Npgsql.PostgresException (0x80004005): 42P07: relation "Abouts" already exists
   at Npgsql.Internal.NpgsqlConnector.ReadMessageLong(Boolean async, DataRowLoadingMode dataRowLoadingMode, Boolean readingNotifications, Boolean isReadingPrependedMessage)
   at System.Runtime.CompilerServices.PoolingAsyncValueTaskMethodBuilder`1.StateMachineBox`1.System.Threading.Tasks.Sources.IValueTaskSource<TResult>.GetResult(Int16 token)
   at Npgsql.NpgsqlDataReader.NextResult(Boolean async, Boolean isConsuming, CancellationToken cancellationToken)
   at Npgsql.NpgsqlDataReader.NextResult(Boolean async, Boolean isConsuming, CancellationToken cancellationToken)
   at Npgsql.NpgsqlDataReader.NextResult()
   at Npgsql.NpgsqlCommand.ExecuteReader(Boolean async, CommandBehavior behavior, CancellationToken cancellationToken)
   at Npgsql.NpgsqlCommand.ExecuteReader(Boolean async, CommandBehavior behavior, CancellationToken cancellationToken)
   at Npgsql.NpgsqlCommand.ExecuteNonQuery(Boolean async, CancellationToken cancellationToken)
   at Npgsql.NpgsqlCommand.ExecuteNonQuery()
   at Microsoft.EntityFrameworkCore.Storage.RelationalCommand.ExecuteNonQuery(RelationalCommandParameterObject parameterObject)
   at Microsoft.EntityFrameworkCore.Migrations.MigrationCommand.ExecuteNonQuery(IRelationalConnection connection, IReadOnlyDictionary`2 parameterValues)
   at Microsoft.EntityFrameworkCore.Migrations.Internal.MigrationCommandExecutor.ExecuteNonQuery(IEnumerable`1 migrationCommands, IRelationalConnection connection)
   at Microsoft.EntityFrameworkCore.Migrations.Internal.Migrator.Migrate(String targetMigration)
   at Npgsql.EntityFrameworkCore.PostgreSQL.Migrations.Internal.NpgsqlMigrator.Migrate(String targetMigration)
   at Microsoft.EntityFrameworkCore.RelationalDatabaseFacadeExtensions.Migrate(DatabaseFacade databaseFacade)
   at Program.<Main>$(String[] args) in /Users/senolerdem/EasyTrip/EasyTripProject/Program.cs:line 67
  Exception data:
    Severity: ERROR
    SqlState: 42P07
    MessageText: relation "Abouts" already exists
    File: heap.c
    Line: 1161
    Routine: heap_create_with_catalog
2025-03-03 16:10:05.621 +03:00 [INF] User profile is available. Using '/Users/senolerdem/.aspnet/DataProtection-Keys' as key repository; keys will not be encrypted at rest.
2025-03-03 16:10:05.640 +03:00 [INF] Now listening on: http://localhost:5250
2025-03-03 16:10:05.640 +03:00 [INF] Application started. Press Ctrl+C to shut down.
2025-03-03 16:10:05.640 +03:00 [INF] Hosting environment: Development
2025-03-03 16:10:05.640 +03:00 [INF] Content root path: /Users/senolerdem/EasyTrip/EasyTripProject
2025-03-03 16:10:30.896 +03:00 [INF] Executed DbCommand (27ms) [Parameters=[], CommandType='"Text"', CommandTimeout='30']
SELECT EXISTS (
    SELECT 1 FROM pg_catalog.pg_class c
    JOIN pg_catalog.pg_namespace n ON n.oid=c.relnamespace
    WHERE n.nspname='public' AND
          c.relname='__EFMigrationsHistory'
)
2025-03-03 16:10:30.922 +03:00 [INF] Executed DbCommand (1ms) [Parameters=[], CommandType='"Text"', CommandTimeout='30']
SELECT "MigrationId", "ProductVersion"
FROM "__EFMigrationsHistory"
ORDER BY "MigrationId";
2025-03-03 16:10:30.931 +03:00 [INF] Executed DbCommand (1ms) [Parameters=[], CommandType='"Text"', CommandTimeout='30']
SELECT EXISTS (
    SELECT 1 FROM pg_catalog.pg_class c
    JOIN pg_catalog.pg_namespace n ON n.oid=c.relnamespace
    WHERE n.nspname='public' AND
          c.relname='__EFMigrationsHistory'
)
2025-03-03 16:10:30.936 +03:00 [INF] Executed DbCommand (1ms) [Parameters=[], CommandType='"Text"', CommandTimeout='30']
SELECT EXISTS (
    SELECT 1 FROM pg_catalog.pg_class c
    JOIN pg_catalog.pg_namespace n ON n.oid=c.relnamespace
    WHERE n.nspname='public' AND
          c.relname='__EFMigrationsHistory'
)
2025-03-03 16:10:30.936 +03:00 [INF] Executed DbCommand (0ms) [Parameters=[], CommandType='"Text"', CommandTimeout='30']
SELECT "MigrationId", "ProductVersion"
FROM "__EFMigrationsHistory"
ORDER BY "MigrationId";
2025-03-03 16:10:30.943 +03:00 [INF] Applying migration '20250303121113_InitialSetup'.
2025-03-03 16:10:30.975 +03:00 [ERR] Failed executing DbCommand (4ms) [Parameters=[], CommandType='"Text"', CommandTimeout='30']
CREATE TABLE public."Abouts" (
    "Id" integer GENERATED BY DEFAULT AS IDENTITY,
    "ImageURL" text,
    "Description" text,
    CONSTRAINT "PK_Abouts" PRIMARY KEY ("Id")
);
2025-03-03 16:10:30.978 +03:00 [ERR] An error occurred during database migration or admin user creation
Npgsql.PostgresException (0x80004005): 42P07: relation "Abouts" already exists
   at Npgsql.Internal.NpgsqlConnector.ReadMessageLong(Boolean async, DataRowLoadingMode dataRowLoadingMode, Boolean readingNotifications, Boolean isReadingPrependedMessage)
   at System.Runtime.CompilerServices.PoolingAsyncValueTaskMethodBuilder`1.StateMachineBox`1.System.Threading.Tasks.Sources.IValueTaskSource<TResult>.GetResult(Int16 token)
   at Npgsql.NpgsqlDataReader.NextResult(Boolean async, Boolean isConsuming, CancellationToken cancellationToken)
   at Npgsql.NpgsqlDataReader.NextResult(Boolean async, Boolean isConsuming, CancellationToken cancellationToken)
   at Npgsql.NpgsqlDataReader.NextResult()
   at Npgsql.NpgsqlCommand.ExecuteReader(Boolean async, CommandBehavior behavior, CancellationToken cancellationToken)
   at Npgsql.NpgsqlCommand.ExecuteReader(Boolean async, CommandBehavior behavior, CancellationToken cancellationToken)
   at Npgsql.NpgsqlCommand.ExecuteNonQuery(Boolean async, CancellationToken cancellationToken)
   at Npgsql.NpgsqlCommand.ExecuteNonQuery()
   at Microsoft.EntityFrameworkCore.Storage.RelationalCommand.ExecuteNonQuery(RelationalCommandParameterObject parameterObject)
   at Microsoft.EntityFrameworkCore.Migrations.MigrationCommand.ExecuteNonQuery(IRelationalConnection connection, IReadOnlyDictionary`2 parameterValues)
   at Microsoft.EntityFrameworkCore.Migrations.Internal.MigrationCommandExecutor.ExecuteNonQuery(IEnumerable`1 migrationCommands, IRelationalConnection connection)
   at Microsoft.EntityFrameworkCore.Migrations.Internal.Migrator.Migrate(String targetMigration)
   at Npgsql.EntityFrameworkCore.PostgreSQL.Migrations.Internal.NpgsqlMigrator.Migrate(String targetMigration)
   at Microsoft.EntityFrameworkCore.RelationalDatabaseFacadeExtensions.Migrate(DatabaseFacade databaseFacade)
   at Program.<Main>$(String[] args) in /Users/senolerdem/EasyTrip/EasyTripProject/Program.cs:line 67
  Exception data:
    Severity: ERROR
    SqlState: 42P07
    MessageText: relation "Abouts" already exists
    File: heap.c
    Line: 1161
    Routine: heap_create_with_catalog
2025-03-03 16:10:30.990 +03:00 [INF] User profile is available. Using '/Users/senolerdem/.aspnet/DataProtection-Keys' as key repository; keys will not be encrypted at rest.
2025-03-03 16:10:31.010 +03:00 [INF] Now listening on: http://localhost:5250
2025-03-03 16:10:31.010 +03:00 [INF] Application started. Press Ctrl+C to shut down.
2025-03-03 16:10:31.010 +03:00 [INF] Hosting environment: Development
2025-03-03 16:10:31.010 +03:00 [INF] Content root path: /Users/senolerdem/EasyTrip/EasyTripProject
2025-03-03 16:10:38.110 +03:00 [INF] Request starting HTTP/1.1 GET http://localhost:5250/Admin - null null
2025-03-03 16:10:38.113 +03:00 [WRN] Failed to determine the https port for redirect.
2025-03-03 16:10:38.127 +03:00 [INF] Authorization failed. These requirements were not met:
DenyAnonymousAuthorizationRequirement: Requires an authenticated user.
2025-03-03 16:10:38.132 +03:00 [INF] AuthenticationScheme: Identity.Application was challenged.
2025-03-03 16:10:38.134 +03:00 [INF] Request finished HTTP/1.1 GET http://localhost:5250/Admin - 302 0 null 25.1838ms
2025-03-03 16:10:38.136 +03:00 [INF] Request starting HTTP/1.1 GET http://localhost:5250/Login/Login?ReturnUrl=%2FAdmin - null null
2025-03-03 16:10:38.137 +03:00 [INF] Request finished HTTP/1.1 GET http://localhost:5250/Login/Login?ReturnUrl=%2FAdmin - 404 0 null 1.7314ms
2025-03-03 16:10:38.138 +03:00 [INF] Request reached the end of the middleware pipeline without being handled by application code. Request path: GET http://localhost:5250/Login/Login, Response status code: 404
2025-03-03 16:10:43.916 +03:00 [INF] Request starting HTTP/1.1 GET http://localhost:5250/ - null null
2025-03-03 16:10:43.919 +03:00 [INF] Executing endpoint 'EasyTripProject.Controllers.HomeController.Index (EasyTripProject)'
2025-03-03 16:10:43.936 +03:00 [INF] Route matched with {action = "Index", controller = "Home"}. Executing controller action with signature Microsoft.AspNetCore.Mvc.IActionResult Index() on controller EasyTripProject.Controllers.HomeController (EasyTripProject).
2025-03-03 16:10:44.036 +03:00 [INF] Executed DbCommand (4ms) [Parameters=[], CommandType='"Text"', CommandTimeout='30']
SELECT f."Id", f."Date", f."Description", f."Header", f."ImageURL"
FROM public."FreeTravelGuides" AS f
2025-03-03 16:10:44.066 +03:00 [INF] Executing ViewResult, running view Index.
2025-03-03 16:10:44.132 +03:00 [INF] Executed ViewResult - view Index executed in 64.8952ms.
2025-03-03 16:10:44.132 +03:00 [INF] Executed action EasyTripProject.Controllers.HomeController.Index (EasyTripProject) in 196.1642ms
2025-03-03 16:10:44.132 +03:00 [INF] Executed endpoint 'EasyTripProject.Controllers.HomeController.Index (EasyTripProject)'
2025-03-03 16:10:44.143 +03:00 [INF] Request finished HTTP/1.1 GET http://localhost:5250/ - 200 null text/html; charset=utf-8 226.2259ms
2025-03-03 16:10:44.143 +03:00 [INF] Request starting HTTP/1.1 GET http://localhost:5250/css/site.css - null null
2025-03-03 16:10:44.144 +03:00 [INF] Request finished HTTP/1.1 GET http://localhost:5250/css/site.css - 404 0 null 0.7476ms
2025-03-03 16:10:44.144 +03:00 [INF] Request reached the end of the middleware pipeline without being handled by application code. Request path: GET http://localhost:5250/css/site.css, Response status code: 404
2025-03-03 16:10:53.113 +03:00 [INF] Request starting HTTP/1.1 GET http://localhost:5250/Admin - null null
2025-03-03 16:10:53.115 +03:00 [INF] Authorization failed. These requirements were not met:
DenyAnonymousAuthorizationRequirement: Requires an authenticated user.
2025-03-03 16:10:53.116 +03:00 [INF] AuthenticationScheme: Identity.Application was challenged.
2025-03-03 16:10:53.116 +03:00 [INF] Request finished HTTP/1.1 GET http://localhost:5250/Admin - 302 0 null 3.1038ms
2025-03-03 16:10:53.118 +03:00 [INF] Request starting HTTP/1.1 GET http://localhost:5250/Login/Login?ReturnUrl=%2FAdmin - null null
2025-03-03 16:10:53.118 +03:00 [INF] Request finished HTTP/1.1 GET http://localhost:5250/Login/Login?ReturnUrl=%2FAdmin - 404 0 null 0.3213ms
2025-03-03 16:10:53.118 +03:00 [INF] Request reached the end of the middleware pipeline without being handled by application code. Request path: GET http://localhost:5250/Login/Login, Response status code: 404
2025-03-03 16:10:53.174 +03:00 [INF] Request starting HTTP/1.1 GET http://localhost:5250/Admin - null null
2025-03-03 16:10:53.176 +03:00 [INF] Authorization failed. These requirements were not met:
DenyAnonymousAuthorizationRequirement: Requires an authenticated user.
2025-03-03 16:10:53.176 +03:00 [INF] AuthenticationScheme: Identity.Application was challenged.
2025-03-03 16:10:53.177 +03:00 [INF] Request finished HTTP/1.1 GET http://localhost:5250/Admin - 302 0 null 2.7107ms
2025-03-03 16:10:53.178 +03:00 [INF] Request starting HTTP/1.1 GET http://localhost:5250/Login/Login?ReturnUrl=%2FAdmin - null null
2025-03-03 16:10:53.179 +03:00 [INF] Request finished HTTP/1.1 GET http://localhost:5250/Login/Login?ReturnUrl=%2FAdmin - 404 0 null 0.5085ms
2025-03-03 16:10:53.179 +03:00 [INF] Request reached the end of the middleware pipeline without being handled by application code. Request path: GET http://localhost:5250/Login/Login, Response status code: 404
2025-03-03 16:10:55.523 +03:00 [INF] Request starting HTTP/1.1 GET http://localhost:5250/ - null null
2025-03-03 16:10:55.524 +03:00 [INF] Executing endpoint 'EasyTripProject.Controllers.HomeController.Index (EasyTripProject)'
2025-03-03 16:10:55.524 +03:00 [INF] Route matched with {action = "Index", controller = "Home"}. Executing controller action with signature Microsoft.AspNetCore.Mvc.IActionResult Index() on controller EasyTripProject.Controllers.HomeController (EasyTripProject).
2025-03-03 16:10:55.569 +03:00 [INF] Executed DbCommand (1ms) [Parameters=[], CommandType='"Text"', CommandTimeout='30']
SELECT f."Id", f."Date", f."Description", f."Header", f."ImageURL"
FROM public."FreeTravelGuides" AS f
2025-03-03 16:10:55.570 +03:00 [INF] Executing ViewResult, running view Index.
2025-03-03 16:10:55.572 +03:00 [INF] Executed ViewResult - view Index executed in 2.945ms.
2025-03-03 16:10:55.572 +03:00 [INF] Executed action EasyTripProject.Controllers.HomeController.Index (EasyTripProject) in 48.558ms
2025-03-03 16:10:55.573 +03:00 [INF] Executed endpoint 'EasyTripProject.Controllers.HomeController.Index (EasyTripProject)'
2025-03-03 16:10:55.573 +03:00 [INF] Request finished HTTP/1.1 GET http://localhost:5250/ - 200 null text/html; charset=utf-8 49.7837ms
2025-03-03 16:11:10.834 +03:00 [INF] Request starting HTTP/1.1 GET http://localhost:5250/Admin - null null
2025-03-03 16:11:10.835 +03:00 [INF] Authorization failed. These requirements were not met:
DenyAnonymousAuthorizationRequirement: Requires an authenticated user.
2025-03-03 16:11:10.835 +03:00 [INF] AuthenticationScheme: Identity.Application was challenged.
2025-03-03 16:11:10.835 +03:00 [INF] Request finished HTTP/1.1 GET http://localhost:5250/Admin - 302 0 null 0.933ms
2025-03-03 16:11:10.838 +03:00 [INF] Request starting HTTP/1.1 GET http://localhost:5250/Login/Login?ReturnUrl=%2FAdmin - null null
2025-03-03 16:11:10.839 +03:00 [INF] Request finished HTTP/1.1 GET http://localhost:5250/Login/Login?ReturnUrl=%2FAdmin - 404 0 null 0.5088ms
2025-03-03 16:11:10.839 +03:00 [INF] Request reached the end of the middleware pipeline without being handled by application code. Request path: GET http://localhost:5250/Login/Login, Response status code: 404
2025-03-03 16:19:35.099 +03:00 [INF] Executed DbCommand (28ms) [Parameters=[], CommandType='"Text"', CommandTimeout='30']
SELECT EXISTS (
    SELECT 1 FROM pg_catalog.pg_class c
    JOIN pg_catalog.pg_namespace n ON n.oid=c.relnamespace
    WHERE n.nspname='public' AND
          c.relname='__EFMigrationsHistory'
)
2025-03-03 16:19:35.123 +03:00 [INF] Executed DbCommand (2ms) [Parameters=[], CommandType='"Text"', CommandTimeout='30']
SELECT "MigrationId", "ProductVersion"
FROM "__EFMigrationsHistory"
ORDER BY "MigrationId";
2025-03-03 16:19:35.138 +03:00 [INF] Executed DbCommand (1ms) [Parameters=[], CommandType='"Text"', CommandTimeout='30']
SELECT EXISTS (
    SELECT 1 FROM pg_catalog.pg_class c
    JOIN pg_catalog.pg_namespace n ON n.oid=c.relnamespace
    WHERE n.nspname='public' AND
          c.relname='__EFMigrationsHistory'
)
2025-03-03 16:19:35.146 +03:00 [INF] Executed DbCommand (1ms) [Parameters=[], CommandType='"Text"', CommandTimeout='30']
SELECT EXISTS (
    SELECT 1 FROM pg_catalog.pg_class c
    JOIN pg_catalog.pg_namespace n ON n.oid=c.relnamespace
    WHERE n.nspname='public' AND
          c.relname='__EFMigrationsHistory'
)
2025-03-03 16:19:35.147 +03:00 [INF] Executed DbCommand (0ms) [Parameters=[], CommandType='"Text"', CommandTimeout='30']
SELECT "MigrationId", "ProductVersion"
FROM "__EFMigrationsHistory"
ORDER BY "MigrationId";
2025-03-03 16:19:35.153 +03:00 [INF] Applying migration '20250303121113_InitialSetup'.
2025-03-03 16:19:35.187 +03:00 [ERR] Failed executing DbCommand (7ms) [Parameters=[], CommandType='"Text"', CommandTimeout='30']
CREATE TABLE public."Abouts" (
    "Id" integer GENERATED BY DEFAULT AS IDENTITY,
    "ImageURL" text,
    "Description" text,
    CONSTRAINT "PK_Abouts" PRIMARY KEY ("Id")
);
2025-03-03 16:19:35.190 +03:00 [ERR] An error occurred during database migration or admin user creation
Npgsql.PostgresException (0x80004005): 42P07: relation "Abouts" already exists
   at Npgsql.Internal.NpgsqlConnector.ReadMessageLong(Boolean async, DataRowLoadingMode dataRowLoadingMode, Boolean readingNotifications, Boolean isReadingPrependedMessage)
   at System.Runtime.CompilerServices.PoolingAsyncValueTaskMethodBuilder`1.StateMachineBox`1.System.Threading.Tasks.Sources.IValueTaskSource<TResult>.GetResult(Int16 token)
   at Npgsql.NpgsqlDataReader.NextResult(Boolean async, Boolean isConsuming, CancellationToken cancellationToken)
   at Npgsql.NpgsqlDataReader.NextResult(Boolean async, Boolean isConsuming, CancellationToken cancellationToken)
   at Npgsql.NpgsqlDataReader.NextResult()
   at Npgsql.NpgsqlCommand.ExecuteReader(Boolean async, CommandBehavior behavior, CancellationToken cancellationToken)
   at Npgsql.NpgsqlCommand.ExecuteReader(Boolean async, CommandBehavior behavior, CancellationToken cancellationToken)
   at Npgsql.NpgsqlCommand.ExecuteNonQuery(Boolean async, CancellationToken cancellationToken)
   at Npgsql.NpgsqlCommand.ExecuteNonQuery()
   at Microsoft.EntityFrameworkCore.Storage.RelationalCommand.ExecuteNonQuery(RelationalCommandParameterObject parameterObject)
   at Microsoft.EntityFrameworkCore.Migrations.MigrationCommand.ExecuteNonQuery(IRelationalConnection connection, IReadOnlyDictionary`2 parameterValues)
   at Microsoft.EntityFrameworkCore.Migrations.Internal.MigrationCommandExecutor.ExecuteNonQuery(IEnumerable`1 migrationCommands, IRelationalConnection connection)
   at Microsoft.EntityFrameworkCore.Migrations.Internal.Migrator.Migrate(String targetMigration)
   at Npgsql.EntityFrameworkCore.PostgreSQL.Migrations.Internal.NpgsqlMigrator.Migrate(String targetMigration)
   at Microsoft.EntityFrameworkCore.RelationalDatabaseFacadeExtensions.Migrate(DatabaseFacade databaseFacade)
   at Program.<Main>$(String[] args) in /Users/senolerdem/EasyTrip/EasyTripProject/Program.cs:line 67
  Exception data:
    Severity: ERROR
    SqlState: 42P07
    MessageText: relation "Abouts" already exists
    File: heap.c
    Line: 1161
    Routine: heap_create_with_catalog
2025-03-03 16:19:35.202 +03:00 [INF] User profile is available. Using '/Users/senolerdem/.aspnet/DataProtection-Keys' as key repository; keys will not be encrypted at rest.
2025-03-03 16:19:35.220 +03:00 [INF] Now listening on: http://localhost:5250
2025-03-03 16:19:35.220 +03:00 [INF] Application started. Press Ctrl+C to shut down.
2025-03-03 16:19:35.220 +03:00 [INF] Hosting environment: Development
2025-03-03 16:19:35.220 +03:00 [INF] Content root path: /Users/senolerdem/EasyTrip/EasyTripProject
2025-03-03 16:19:47.379 +03:00 [INF] Request starting HTTP/1.1 GET http://localhost:5250/Login - null null
2025-03-03 16:19:47.382 +03:00 [WRN] Failed to determine the https port for redirect.
2025-03-03 16:19:47.397 +03:00 [INF] Executing endpoint 'EasyTripProject.Controllers.LoginController.Login (EasyTripProject)'
2025-03-03 16:19:47.404 +03:00 [INF] Route matched with {action = "Login", controller = "Login"}. Executing controller action with signature Microsoft.AspNetCore.Mvc.IActionResult Login() on controller EasyTripProject.Controllers.LoginController (EasyTripProject).
2025-03-03 16:19:47.410 +03:00 [INF] Executing ViewResult, running view Login.
2025-03-03 16:19:47.470 +03:00 [INF] Executed ViewResult - view Login executed in 59.8827ms.
2025-03-03 16:19:47.471 +03:00 [INF] Executed action EasyTripProject.Controllers.LoginController.Login (EasyTripProject) in 66.6842ms
2025-03-03 16:19:47.471 +03:00 [INF] Executed endpoint 'EasyTripProject.Controllers.LoginController.Login (EasyTripProject)'
2025-03-03 16:19:47.476 +03:00 [INF] Request finished HTTP/1.1 GET http://localhost:5250/Login - 200 null text/html; charset=utf-8 97.5597ms
2025-03-03 16:19:47.478 +03:00 [INF] Request starting HTTP/1.1 GET http://localhost:5250/css/site.css - null null
2025-03-03 16:19:47.480 +03:00 [INF] Request finished HTTP/1.1 GET http://localhost:5250/css/site.css - 404 0 null 1.8819ms
2025-03-03 16:19:47.480 +03:00 [INF] Request reached the end of the middleware pipeline without being handled by application code. Request path: GET http://localhost:5250/css/site.css, Response status code: 404
2025-03-03 16:19:54.802 +03:00 [INF] Request starting HTTP/1.1 POST http://localhost:5250/Login - application/x-www-form-urlencoded 212
2025-03-03 16:19:54.805 +03:00 [INF] Executing endpoint 'EasyTripProject.Controllers.LoginController.Login (EasyTripProject)'
2025-03-03 16:19:54.817 +03:00 [INF] Route matched with {action = "Login", controller = "Login"}. Executing controller action with signature System.Threading.Tasks.Task`1[Microsoft.AspNetCore.Mvc.IActionResult] Login(System.String, System.String) on controller EasyTripProject.Controllers.LoginController (EasyTripProject).
2025-03-03 16:19:54.959 +03:00 [ERR] Failed executing DbCommand (7ms) [Parameters=[@__normalizedUserName_0='?'], CommandType='"Text"', CommandTimeout='30']
SELECT a."Id", a."AccessFailedCount", a."ConcurrencyStamp", a."Email", a."EmailConfirmed", a."LockoutEnabled", a."LockoutEnd", a."Name", a."NormalizedEmail", a."NormalizedUserName", a."Password", a."PasswordHash", a."PhoneNumber", a."PhoneNumberConfirmed", a."SecurityStamp", a."TwoFactorEnabled", a."UserName"
FROM public."AspNetUsers" AS a
WHERE a."NormalizedUserName" = @__normalizedUserName_0
LIMIT 1
2025-03-03 16:19:54.964 +03:00 [ERR] An exception occurred while iterating over the results of a query for context type 'EasyTripProject.Models.Context'.
Npgsql.PostgresException (0x80004005): 42703: column a.Name does not exist

POSITION: 128
   at Npgsql.Internal.NpgsqlConnector.ReadMessageLong(Boolean async, DataRowLoadingMode dataRowLoadingMode, Boolean readingNotifications, Boolean isReadingPrependedMessage)
   at System.Runtime.CompilerServices.PoolingAsyncValueTaskMethodBuilder`1.StateMachineBox`1.System.Threading.Tasks.Sources.IValueTaskSource<TResult>.GetResult(Int16 token)
   at Npgsql.NpgsqlDataReader.NextResult(Boolean async, Boolean isConsuming, CancellationToken cancellationToken)
   at Npgsql.NpgsqlDataReader.NextResult(Boolean async, Boolean isConsuming, CancellationToken cancellationToken)
   at Npgsql.NpgsqlCommand.ExecuteReader(Boolean async, CommandBehavior behavior, CancellationToken cancellationToken)
   at Npgsql.NpgsqlCommand.ExecuteReader(Boolean async, CommandBehavior behavior, CancellationToken cancellationToken)
   at Npgsql.NpgsqlCommand.ExecuteDbDataReaderAsync(CommandBehavior behavior, CancellationToken cancellationToken)
   at Microsoft.EntityFrameworkCore.Storage.RelationalCommand.ExecuteReaderAsync(RelationalCommandParameterObject parameterObject, CancellationToken cancellationToken)
   at Microsoft.EntityFrameworkCore.Storage.RelationalCommand.ExecuteReaderAsync(RelationalCommandParameterObject parameterObject, CancellationToken cancellationToken)
   at Microsoft.EntityFrameworkCore.Query.Internal.SingleQueryingEnumerable`1.AsyncEnumerator.InitializeReaderAsync(AsyncEnumerator enumerator, CancellationToken cancellationToken)
   at Npgsql.EntityFrameworkCore.PostgreSQL.Storage.Internal.NpgsqlExecutionStrategy.ExecuteAsync[TState,TResult](TState state, Func`4 operation, Func`4 verifySucceeded, CancellationToken cancellationToken)
   at Microsoft.EntityFrameworkCore.Query.Internal.SingleQueryingEnumerable`1.AsyncEnumerator.MoveNextAsync()
  Exception data:
    Severity: ERROR
    SqlState: 42703
    MessageText: column a.Name does not exist
    Position: 128
    File: parse_relation.c
    Line: 3721
    Routine: errorMissingColumn
Npgsql.PostgresException (0x80004005): 42703: column a.Name does not exist

POSITION: 128
   at Npgsql.Internal.NpgsqlConnector.ReadMessageLong(Boolean async, DataRowLoadingMode dataRowLoadingMode, Boolean readingNotifications, Boolean isReadingPrependedMessage)
   at System.Runtime.CompilerServices.PoolingAsyncValueTaskMethodBuilder`1.StateMachineBox`1.System.Threading.Tasks.Sources.IValueTaskSource<TResult>.GetResult(Int16 token)
   at Npgsql.NpgsqlDataReader.NextResult(Boolean async, Boolean isConsuming, CancellationToken cancellationToken)
   at Npgsql.NpgsqlDataReader.NextResult(Boolean async, Boolean isConsuming, CancellationToken cancellationToken)
   at Npgsql.NpgsqlCommand.ExecuteReader(Boolean async, CommandBehavior behavior, CancellationToken cancellationToken)
   at Npgsql.NpgsqlCommand.ExecuteReader(Boolean async, CommandBehavior behavior, CancellationToken cancellationToken)
   at Npgsql.NpgsqlCommand.ExecuteDbDataReaderAsync(CommandBehavior behavior, CancellationToken cancellationToken)
   at Microsoft.EntityFrameworkCore.Storage.RelationalCommand.ExecuteReaderAsync(RelationalCommandParameterObject parameterObject, CancellationToken cancellationToken)
   at Microsoft.EntityFrameworkCore.Storage.RelationalCommand.ExecuteReaderAsync(RelationalCommandParameterObject parameterObject, CancellationToken cancellationToken)
   at Microsoft.EntityFrameworkCore.Query.Internal.SingleQueryingEnumerable`1.AsyncEnumerator.InitializeReaderAsync(AsyncEnumerator enumerator, CancellationToken cancellationToken)
   at Npgsql.EntityFrameworkCore.PostgreSQL.Storage.Internal.NpgsqlExecutionStrategy.ExecuteAsync[TState,TResult](TState state, Func`4 operation, Func`4 verifySucceeded, CancellationToken cancellationToken)
   at Microsoft.EntityFrameworkCore.Query.Internal.SingleQueryingEnumerable`1.AsyncEnumerator.MoveNextAsync()
  Exception data:
    Severity: ERROR
    SqlState: 42703
    MessageText: column a.Name does not exist
    Position: 128
    File: parse_relation.c
    Line: 3721
    Routine: errorMissingColumn
2025-03-03 16:19:54.965 +03:00 [ERR] Login error: 42703: column a.Name does not exist

POSITION: 128
2025-03-03 16:19:54.966 +03:00 [INF] Executing ViewResult, running view Login.
2025-03-03 16:19:54.968 +03:00 [INF] Executed ViewResult - view Login executed in 1.7343ms.
2025-03-03 16:19:54.968 +03:00 [INF] Executed action EasyTripProject.Controllers.LoginController.Login (EasyTripProject) in 151.181ms
2025-03-03 16:19:54.968 +03:00 [INF] Executed endpoint 'EasyTripProject.Controllers.LoginController.Login (EasyTripProject)'
2025-03-03 16:19:54.970 +03:00 [INF] Request finished HTTP/1.1 POST http://localhost:5250/Login - 200 null text/html; charset=utf-8 168.1317ms
2025-03-03 16:19:54.979 +03:00 [INF] Request starting HTTP/1.1 GET http://localhost:5250/css/site.css - null null
2025-03-03 16:19:54.980 +03:00 [INF] Request finished HTTP/1.1 GET http://localhost:5250/css/site.css - 404 0 null 1.6713ms
2025-03-03 16:19:54.982 +03:00 [INF] Request reached the end of the middleware pipeline without being handled by application code. Request path: GET http://localhost:5250/css/site.css, Response status code: 404
2025-03-03 16:20:06.717 +03:00 [INF] Request starting HTTP/1.1 POST http://localhost:5250/Login - application/x-www-form-urlencoded 212
2025-03-03 16:20:06.718 +03:00 [INF] Executing endpoint 'EasyTripProject.Controllers.LoginController.Login (EasyTripProject)'
2025-03-03 16:20:06.718 +03:00 [INF] Route matched with {action = "Login", controller = "Login"}. Executing controller action with signature System.Threading.Tasks.Task`1[Microsoft.AspNetCore.Mvc.IActionResult] Login(System.String, System.String) on controller EasyTripProject.Controllers.LoginController (EasyTripProject).
2025-03-03 16:20:06.779 +03:00 [ERR] Failed executing DbCommand (1ms) [Parameters=[@__normalizedUserName_0='?'], CommandType='"Text"', CommandTimeout='30']
SELECT a."Id", a."AccessFailedCount", a."ConcurrencyStamp", a."Email", a."EmailConfirmed", a."LockoutEnabled", a."LockoutEnd", a."Name", a."NormalizedEmail", a."NormalizedUserName", a."Password", a."PasswordHash", a."PhoneNumber", a."PhoneNumberConfirmed", a."SecurityStamp", a."TwoFactorEnabled", a."UserName"
FROM public."AspNetUsers" AS a
WHERE a."NormalizedUserName" = @__normalizedUserName_0
LIMIT 1
2025-03-03 16:20:06.780 +03:00 [ERR] An exception occurred while iterating over the results of a query for context type 'EasyTripProject.Models.Context'.
Npgsql.PostgresException (0x80004005): 42703: column a.Name does not exist

POSITION: 128
   at Npgsql.Internal.NpgsqlConnector.ReadMessageLong(Boolean async, DataRowLoadingMode dataRowLoadingMode, Boolean readingNotifications, Boolean isReadingPrependedMessage)
   at System.Runtime.CompilerServices.PoolingAsyncValueTaskMethodBuilder`1.StateMachineBox`1.System.Threading.Tasks.Sources.IValueTaskSource<TResult>.GetResult(Int16 token)
   at Npgsql.NpgsqlDataReader.NextResult(Boolean async, Boolean isConsuming, CancellationToken cancellationToken)
   at Npgsql.NpgsqlDataReader.NextResult(Boolean async, Boolean isConsuming, CancellationToken cancellationToken)
   at Npgsql.NpgsqlCommand.ExecuteReader(Boolean async, CommandBehavior behavior, CancellationToken cancellationToken)
   at Npgsql.NpgsqlCommand.ExecuteReader(Boolean async, CommandBehavior behavior, CancellationToken cancellationToken)
   at Npgsql.NpgsqlCommand.ExecuteDbDataReaderAsync(CommandBehavior behavior, CancellationToken cancellationToken)
   at Microsoft.EntityFrameworkCore.Storage.RelationalCommand.ExecuteReaderAsync(RelationalCommandParameterObject parameterObject, CancellationToken cancellationToken)
   at Microsoft.EntityFrameworkCore.Storage.RelationalCommand.ExecuteReaderAsync(RelationalCommandParameterObject parameterObject, CancellationToken cancellationToken)
   at Microsoft.EntityFrameworkCore.Query.Internal.SingleQueryingEnumerable`1.AsyncEnumerator.InitializeReaderAsync(AsyncEnumerator enumerator, CancellationToken cancellationToken)
   at Npgsql.EntityFrameworkCore.PostgreSQL.Storage.Internal.NpgsqlExecutionStrategy.ExecuteAsync[TState,TResult](TState state, Func`4 operation, Func`4 verifySucceeded, CancellationToken cancellationToken)
   at Microsoft.EntityFrameworkCore.Query.Internal.SingleQueryingEnumerable`1.AsyncEnumerator.MoveNextAsync()
  Exception data:
    Severity: ERROR
    SqlState: 42703
    MessageText: column a.Name does not exist
    Position: 128
    File: parse_relation.c
    Line: 3721
    Routine: errorMissingColumn
Npgsql.PostgresException (0x80004005): 42703: column a.Name does not exist

POSITION: 128
   at Npgsql.Internal.NpgsqlConnector.ReadMessageLong(Boolean async, DataRowLoadingMode dataRowLoadingMode, Boolean readingNotifications, Boolean isReadingPrependedMessage)
   at System.Runtime.CompilerServices.PoolingAsyncValueTaskMethodBuilder`1.StateMachineBox`1.System.Threading.Tasks.Sources.IValueTaskSource<TResult>.GetResult(Int16 token)
   at Npgsql.NpgsqlDataReader.NextResult(Boolean async, Boolean isConsuming, CancellationToken cancellationToken)
   at Npgsql.NpgsqlDataReader.NextResult(Boolean async, Boolean isConsuming, CancellationToken cancellationToken)
   at Npgsql.NpgsqlCommand.ExecuteReader(Boolean async, CommandBehavior behavior, CancellationToken cancellationToken)
   at Npgsql.NpgsqlCommand.ExecuteReader(Boolean async, CommandBehavior behavior, CancellationToken cancellationToken)
   at Npgsql.NpgsqlCommand.ExecuteDbDataReaderAsync(CommandBehavior behavior, CancellationToken cancellationToken)
   at Microsoft.EntityFrameworkCore.Storage.RelationalCommand.ExecuteReaderAsync(RelationalCommandParameterObject parameterObject, CancellationToken cancellationToken)
   at Microsoft.EntityFrameworkCore.Storage.RelationalCommand.ExecuteReaderAsync(RelationalCommandParameterObject parameterObject, CancellationToken cancellationToken)
   at Microsoft.EntityFrameworkCore.Query.Internal.SingleQueryingEnumerable`1.AsyncEnumerator.InitializeReaderAsync(AsyncEnumerator enumerator, CancellationToken cancellationToken)
   at Npgsql.EntityFrameworkCore.PostgreSQL.Storage.Internal.NpgsqlExecutionStrategy.ExecuteAsync[TState,TResult](TState state, Func`4 operation, Func`4 verifySucceeded, CancellationToken cancellationToken)
   at Microsoft.EntityFrameworkCore.Query.Internal.SingleQueryingEnumerable`1.AsyncEnumerator.MoveNextAsync()
  Exception data:
    Severity: ERROR
    SqlState: 42703
    MessageText: column a.Name does not exist
    Position: 128
    File: parse_relation.c
    Line: 3721
    Routine: errorMissingColumn
2025-03-03 16:20:06.781 +03:00 [ERR] Login error: 42703: column a.Name does not exist

POSITION: 128
2025-03-03 16:20:06.781 +03:00 [INF] Executing ViewResult, running view Login.
2025-03-03 16:20:06.782 +03:00 [INF] Executed ViewResult - view Login executed in 0.8731ms.
2025-03-03 16:20:06.782 +03:00 [INF] Executed action EasyTripProject.Controllers.LoginController.Login (EasyTripProject) in 63.9672ms
2025-03-03 16:20:06.782 +03:00 [INF] Executed endpoint 'EasyTripProject.Controllers.LoginController.Login (EasyTripProject)'
2025-03-03 16:20:06.782 +03:00 [INF] Request finished HTTP/1.1 POST http://localhost:5250/Login - 200 null text/html; charset=utf-8 65.0724ms
2025-03-03 16:20:06.788 +03:00 [INF] Request starting HTTP/1.1 GET http://localhost:5250/css/site.css - null null
2025-03-03 16:20:06.788 +03:00 [INF] Request finished HTTP/1.1 GET http://localhost:5250/css/site.css - 404 0 null 0.3094ms
2025-03-03 16:20:06.788 +03:00 [INF] Request reached the end of the middleware pipeline without being handled by application code. Request path: GET http://localhost:5250/css/site.css, Response status code: 404
2025-03-03 16:20:13.014 +03:00 [INF] Request starting HTTP/1.1 GET http://localhost:5250/ - null null
2025-03-03 16:20:13.015 +03:00 [INF] Executing endpoint 'EasyTripProject.Controllers.HomeController.Index (EasyTripProject)'
2025-03-03 16:20:13.017 +03:00 [INF] Route matched with {action = "Index", controller = "Home"}. Executing controller action with signature Microsoft.AspNetCore.Mvc.IActionResult Index() on controller EasyTripProject.Controllers.HomeController (EasyTripProject).
2025-03-03 16:20:13.033 +03:00 [INF] Executed DbCommand (2ms) [Parameters=[], CommandType='"Text"', CommandTimeout='30']
SELECT f."Id", f."Date", f."Description", f."Header", f."ImageURL"
FROM public."FreeTravelGuides" AS f
2025-03-03 16:20:13.081 +03:00 [INF] Executing ViewResult, running view Index.
2025-03-03 16:20:13.093 +03:00 [INF] Executed ViewResult - view Index executed in 12.5432ms.
2025-03-03 16:20:13.093 +03:00 [INF] Executed action EasyTripProject.Controllers.HomeController.Index (EasyTripProject) in 75.9657ms
2025-03-03 16:20:13.093 +03:00 [INF] Executed endpoint 'EasyTripProject.Controllers.HomeController.Index (EasyTripProject)'
2025-03-03 16:20:13.093 +03:00 [INF] Request finished HTTP/1.1 GET http://localhost:5250/ - 200 null text/html; charset=utf-8 78.9078ms
2025-03-03 16:20:13.102 +03:00 [INF] Request starting HTTP/1.1 GET http://localhost:5250/css/site.css - null null
2025-03-03 16:20:13.102 +03:00 [INF] Request finished HTTP/1.1 GET http://localhost:5250/css/site.css - 404 0 null 0.5231ms
2025-03-03 16:20:13.103 +03:00 [INF] Request reached the end of the middleware pipeline without being handled by application code. Request path: GET http://localhost:5250/css/site.css, Response status code: 404
2025-03-03 16:20:16.805 +03:00 [INF] Request starting HTTP/1.1 GET http://localhost:5250/Admin - null null
2025-03-03 16:20:16.808 +03:00 [INF] Authorization failed. These requirements were not met:
DenyAnonymousAuthorizationRequirement: Requires an authenticated user.
2025-03-03 16:20:16.813 +03:00 [INF] AuthenticationScheme: Identity.Application was challenged.
2025-03-03 16:20:16.813 +03:00 [INF] Request finished HTTP/1.1 GET http://localhost:5250/Admin - 302 0 null 8.2756ms
2025-03-03 16:20:16.814 +03:00 [INF] Request starting HTTP/1.1 GET http://localhost:5250/Login/Login?ReturnUrl=%2FAdmin - null null
2025-03-03 16:20:16.815 +03:00 [INF] Request finished HTTP/1.1 GET http://localhost:5250/Login/Login?ReturnUrl=%2FAdmin - 404 0 null 0.2656ms
2025-03-03 16:20:16.815 +03:00 [INF] Request reached the end of the middleware pipeline without being handled by application code. Request path: GET http://localhost:5250/Login/Login, Response status code: 404
2025-03-03 16:20:17.461 +03:00 [INF] Request starting HTTP/1.1 GET http://localhost:5250/Admin - null null
2025-03-03 16:20:17.463 +03:00 [INF] Authorization failed. These requirements were not met:
DenyAnonymousAuthorizationRequirement: Requires an authenticated user.
2025-03-03 16:20:17.463 +03:00 [INF] AuthenticationScheme: Identity.Application was challenged.
2025-03-03 16:20:17.463 +03:00 [INF] Request finished HTTP/1.1 GET http://localhost:5250/Admin - 302 0 null 2.2045ms
2025-03-03 16:20:17.466 +03:00 [INF] Request starting HTTP/1.1 GET http://localhost:5250/Login/Login?ReturnUrl=%2FAdmin - null null
2025-03-03 16:20:17.466 +03:00 [INF] Request finished HTTP/1.1 GET http://localhost:5250/Login/Login?ReturnUrl=%2FAdmin - 404 0 null 0.3816ms
2025-03-03 16:20:17.467 +03:00 [INF] Request reached the end of the middleware pipeline without being handled by application code. Request path: GET http://localhost:5250/Login/Login, Response status code: 404
2025-03-03 16:24:10.722 +03:00 [INF] Executed DbCommand (26ms) [Parameters=[], CommandType='"Text"', CommandTimeout='30']
SELECT EXISTS (
    SELECT 1 FROM pg_catalog.pg_class c
    JOIN pg_catalog.pg_namespace n ON n.oid=c.relnamespace
    WHERE n.nspname='public' AND
          c.relname='__EFMigrationsHistory'
)
2025-03-03 16:24:10.747 +03:00 [INF] Executed DbCommand (2ms) [Parameters=[], CommandType='"Text"', CommandTimeout='30']
SELECT "MigrationId", "ProductVersion"
FROM "__EFMigrationsHistory"
ORDER BY "MigrationId";
2025-03-03 16:24:10.762 +03:00 [INF] Executed DbCommand (1ms) [Parameters=[], CommandType='"Text"', CommandTimeout='30']
SELECT EXISTS (
    SELECT 1 FROM pg_catalog.pg_class c
    JOIN pg_catalog.pg_namespace n ON n.oid=c.relnamespace
    WHERE n.nspname='public' AND
          c.relname='__EFMigrationsHistory'
)
2025-03-03 16:24:10.773 +03:00 [INF] Executed DbCommand (1ms) [Parameters=[], CommandType='"Text"', CommandTimeout='30']
SELECT EXISTS (
    SELECT 1 FROM pg_catalog.pg_class c
    JOIN pg_catalog.pg_namespace n ON n.oid=c.relnamespace
    WHERE n.nspname='public' AND
          c.relname='__EFMigrationsHistory'
)
2025-03-03 16:24:10.773 +03:00 [INF] Executed DbCommand (0ms) [Parameters=[], CommandType='"Text"', CommandTimeout='30']
SELECT "MigrationId", "ProductVersion"
FROM "__EFMigrationsHistory"
ORDER BY "MigrationId";
2025-03-03 16:24:10.780 +03:00 [INF] Applying migration '20250303121113_InitialSetup'.
2025-03-03 16:24:10.814 +03:00 [ERR] Failed executing DbCommand (6ms) [Parameters=[], CommandType='"Text"', CommandTimeout='30']
CREATE TABLE public."Abouts" (
    "Id" integer GENERATED BY DEFAULT AS IDENTITY,
    "ImageURL" text,
    "Description" text,
    CONSTRAINT "PK_Abouts" PRIMARY KEY ("Id")
);
2025-03-03 16:24:10.818 +03:00 [ERR] An error occurred during database migration or admin user creation
Npgsql.PostgresException (0x80004005): 42P07: relation "Abouts" already exists
   at Npgsql.Internal.NpgsqlConnector.ReadMessageLong(Boolean async, DataRowLoadingMode dataRowLoadingMode, Boolean readingNotifications, Boolean isReadingPrependedMessage)
   at System.Runtime.CompilerServices.PoolingAsyncValueTaskMethodBuilder`1.StateMachineBox`1.System.Threading.Tasks.Sources.IValueTaskSource<TResult>.GetResult(Int16 token)
   at Npgsql.NpgsqlDataReader.NextResult(Boolean async, Boolean isConsuming, CancellationToken cancellationToken)
   at Npgsql.NpgsqlDataReader.NextResult(Boolean async, Boolean isConsuming, CancellationToken cancellationToken)
   at Npgsql.NpgsqlDataReader.NextResult()
   at Npgsql.NpgsqlCommand.ExecuteReader(Boolean async, CommandBehavior behavior, CancellationToken cancellationToken)
   at Npgsql.NpgsqlCommand.ExecuteReader(Boolean async, CommandBehavior behavior, CancellationToken cancellationToken)
   at Npgsql.NpgsqlCommand.ExecuteNonQuery(Boolean async, CancellationToken cancellationToken)
   at Npgsql.NpgsqlCommand.ExecuteNonQuery()
   at Microsoft.EntityFrameworkCore.Storage.RelationalCommand.ExecuteNonQuery(RelationalCommandParameterObject parameterObject)
   at Microsoft.EntityFrameworkCore.Migrations.MigrationCommand.ExecuteNonQuery(IRelationalConnection connection, IReadOnlyDictionary`2 parameterValues)
   at Microsoft.EntityFrameworkCore.Migrations.Internal.MigrationCommandExecutor.ExecuteNonQuery(IEnumerable`1 migrationCommands, IRelationalConnection connection)
   at Microsoft.EntityFrameworkCore.Migrations.Internal.Migrator.Migrate(String targetMigration)
   at Npgsql.EntityFrameworkCore.PostgreSQL.Migrations.Internal.NpgsqlMigrator.Migrate(String targetMigration)
   at Microsoft.EntityFrameworkCore.RelationalDatabaseFacadeExtensions.Migrate(DatabaseFacade databaseFacade)
   at Program.<Main>$(String[] args) in /Users/senolerdem/EasyTrip/EasyTripProject/Program.cs:line 67
  Exception data:
    Severity: ERROR
    SqlState: 42P07
    MessageText: relation "Abouts" already exists
    File: heap.c
    Line: 1161
    Routine: heap_create_with_catalog
2025-03-03 16:24:10.829 +03:00 [INF] User profile is available. Using '/Users/senolerdem/.aspnet/DataProtection-Keys' as key repository; keys will not be encrypted at rest.
2025-03-03 16:24:10.848 +03:00 [INF] Now listening on: http://localhost:5250
2025-03-03 16:24:10.848 +03:00 [INF] Application started. Press Ctrl+C to shut down.
2025-03-03 16:24:10.848 +03:00 [INF] Hosting environment: Development
2025-03-03 16:24:10.848 +03:00 [INF] Content root path: /Users/senolerdem/EasyTrip/EasyTripProject
2025-03-03 16:24:13.243 +03:00 [INF] Request starting HTTP/1.1 GET http://localhost:5250/Login/Login?ReturnUrl=%2FAdmin - null null
2025-03-03 16:24:13.247 +03:00 [WRN] Failed to determine the https port for redirect.
2025-03-03 16:24:13.263 +03:00 [INF] Request finished HTTP/1.1 GET http://localhost:5250/Login/Login?ReturnUrl=%2FAdmin - 404 0 null 20.9223ms
2025-03-03 16:24:13.269 +03:00 [INF] Request reached the end of the middleware pipeline without being handled by application code. Request path: GET http://localhost:5250/Login/Login, Response status code: 404
2025-03-03 16:24:14.062 +03:00 [INF] Request starting HTTP/1.1 GET http://localhost:5250/ - null null
2025-03-03 16:24:14.066 +03:00 [INF] Executing endpoint 'EasyTripProject.Controllers.HomeController.Index (EasyTripProject)'
2025-03-03 16:24:14.080 +03:00 [INF] Route matched with {action = "Index", controller = "Home"}. Executing controller action with signature Microsoft.AspNetCore.Mvc.IActionResult Index() on controller EasyTripProject.Controllers.HomeController (EasyTripProject).
2025-03-03 16:24:14.180 +03:00 [INF] Executed DbCommand (1ms) [Parameters=[], CommandType='"Text"', CommandTimeout='30']
SELECT f."Id", f."Date", f."Description", f."Header", f."ImageURL"
FROM public."FreeTravelGuides" AS f
2025-03-03 16:24:14.209 +03:00 [INF] Executing ViewResult, running view Index.
2025-03-03 16:24:14.262 +03:00 [INF] Executed ViewResult - view Index executed in 53.0695ms.
2025-03-03 16:24:14.263 +03:00 [INF] Executed action EasyTripProject.Controllers.HomeController.Index (EasyTripProject) in 181.9999ms
2025-03-03 16:24:14.263 +03:00 [INF] Executed endpoint 'EasyTripProject.Controllers.HomeController.Index (EasyTripProject)'
2025-03-03 16:24:14.273 +03:00 [INF] Request finished HTTP/1.1 GET http://localhost:5250/ - 200 null text/html; charset=utf-8 211.0961ms
2025-03-03 16:24:16.436 +03:00 [INF] Request starting HTTP/1.1 GET http://localhost:5250/Admin - null null
2025-03-03 16:24:16.441 +03:00 [INF] Executing endpoint 'EasyTripProject.Controllers.AdminController.Index (EasyTripProject)'
2025-03-03 16:24:16.443 +03:00 [INF] Route matched with {action = "Index", controller = "Admin"}. Executing controller action with signature Microsoft.AspNetCore.Mvc.IActionResult Index() on controller EasyTripProject.Controllers.AdminController (EasyTripProject).
2025-03-03 16:24:16.447 +03:00 [INF] User  accessed Admin Index
2025-03-03 16:24:16.518 +03:00 [INF] Executed DbCommand (2ms) [Parameters=[], CommandType='"Text"', CommandTimeout='30']
SELECT f."Id", f."Date", f."Description", f."Header", f."ImageURL"
FROM public."FreeTravelGuides" AS f
ORDER BY f."Date" DESC
2025-03-03 16:24:16.519 +03:00 [INF] Executing ViewResult, running view Index.
2025-03-03 16:24:16.526 +03:00 [INF] Executed ViewResult - view Index executed in 8.0656ms.
2025-03-03 16:24:16.526 +03:00 [INF] Executed action EasyTripProject.Controllers.AdminController.Index (EasyTripProject) in 83.3536ms
2025-03-03 16:24:16.527 +03:00 [INF] Executed endpoint 'EasyTripProject.Controllers.AdminController.Index (EasyTripProject)'
2025-03-03 16:24:16.527 +03:00 [INF] Request finished HTTP/1.1 GET http://localhost:5250/Admin - 200 null text/html; charset=utf-8 90.2268ms
2025-03-03 16:24:19.148 +03:00 [INF] Request starting HTTP/1.1 GET http://localhost:5250/Admin/Comments - null null
2025-03-03 16:24:19.148 +03:00 [INF] Executing endpoint 'EasyTripProject.Controllers.AdminController.Comments (EasyTripProject)'
2025-03-03 16:24:19.150 +03:00 [INF] Route matched with {action = "Comments", controller = "Admin"}. Executing controller action with signature Microsoft.AspNetCore.Mvc.IActionResult Comments() on controller EasyTripProject.Controllers.AdminController (EasyTripProject).
2025-03-03 16:24:19.223 +03:00 [INF] Executed DbCommand (4ms) [Parameters=[], CommandType='"Text"', CommandTimeout='30']
SELECT c."Id", c."Comment", c."Date", c."FreeTravelGuidesId", c."Username", f."Id", f."Date", f."Description", f."Header", f."ImageURL"
FROM public."Comments" AS c
INNER JOIN public."FreeTravelGuides" AS f ON c."FreeTravelGuidesId" = f."Id"
ORDER BY c."Date" DESC
2025-03-03 16:24:19.235 +03:00 [INF] Executing ViewResult, running view Comments.
2025-03-03 16:24:19.239 +03:00 [INF] Executed ViewResult - view Comments executed in 4.1756ms.
2025-03-03 16:24:19.239 +03:00 [INF] Executed action EasyTripProject.Controllers.AdminController.Comments (EasyTripProject) in 88.456ms
2025-03-03 16:24:19.239 +03:00 [INF] Executed endpoint 'EasyTripProject.Controllers.AdminController.Comments (EasyTripProject)'
2025-03-03 16:24:19.239 +03:00 [INF] Request finished HTTP/1.1 GET http://localhost:5250/Admin/Comments - 200 null text/html; charset=utf-8 91.4905ms
2025-03-03 16:24:20.236 +03:00 [INF] Request starting HTTP/1.1 GET http://localhost:5250/Admin/NewBlog - null null
2025-03-03 16:24:20.238 +03:00 [INF] Executing endpoint 'EasyTripProject.Controllers.AdminController.NewBlog (EasyTripProject)'
2025-03-03 16:24:20.240 +03:00 [INF] Route matched with {action = "NewBlog", controller = "Admin"}. Executing controller action with signature Microsoft.AspNetCore.Mvc.IActionResult NewBlog() on controller EasyTripProject.Controllers.AdminController (EasyTripProject).
2025-03-03 16:24:20.241 +03:00 [INF] Executing ViewResult, running view NewBlog.
2025-03-03 16:24:20.273 +03:00 [INF] Executed ViewResult - view NewBlog executed in 32.8846ms.
2025-03-03 16:24:20.273 +03:00 [INF] Executed action EasyTripProject.Controllers.AdminController.NewBlog (EasyTripProject) in 33.597ms
2025-03-03 16:24:20.273 +03:00 [INF] Executed endpoint 'EasyTripProject.Controllers.AdminController.NewBlog (EasyTripProject)'
2025-03-03 16:24:20.273 +03:00 [INF] Request finished HTTP/1.1 GET http://localhost:5250/Admin/NewBlog - 200 null text/html; charset=utf-8 37.3918ms
2025-03-03 16:24:20.282 +03:00 [INF] Request starting HTTP/1.1 GET http://localhost:5250/css/site.css - null null
2025-03-03 16:24:20.286 +03:00 [INF] Request finished HTTP/1.1 GET http://localhost:5250/css/site.css - 404 0 null 4.2007ms
2025-03-03 16:24:20.287 +03:00 [INF] Request reached the end of the middleware pipeline without being handled by application code. Request path: GET http://localhost:5250/css/site.css, Response status code: 404
2025-03-03 16:24:21.749 +03:00 [INF] Request starting HTTP/1.1 GET http://localhost:5250/Admin/Comments - null null
2025-03-03 16:24:21.749 +03:00 [INF] Executing endpoint 'EasyTripProject.Controllers.AdminController.Comments (EasyTripProject)'
2025-03-03 16:24:21.750 +03:00 [INF] Route matched with {action = "Comments", controller = "Admin"}. Executing controller action with signature Microsoft.AspNetCore.Mvc.IActionResult Comments() on controller EasyTripProject.Controllers.AdminController (EasyTripProject).
2025-03-03 16:24:21.755 +03:00 [INF] Executed DbCommand (1ms) [Parameters=[], CommandType='"Text"', CommandTimeout='30']
SELECT c."Id", c."Comment", c."Date", c."FreeTravelGuidesId", c."Username", f."Id", f."Date", f."Description", f."Header", f."ImageURL"
FROM public."Comments" AS c
INNER JOIN public."FreeTravelGuides" AS f ON c."FreeTravelGuidesId" = f."Id"
ORDER BY c."Date" DESC
2025-03-03 16:24:21.757 +03:00 [INF] Executing ViewResult, running view Comments.
2025-03-03 16:24:21.759 +03:00 [INF] Executed ViewResult - view Comments executed in 2.2937ms.
2025-03-03 16:24:21.759 +03:00 [INF] Executed action EasyTripProject.Controllers.AdminController.Comments (EasyTripProject) in 9.0875ms
2025-03-03 16:24:21.759 +03:00 [INF] Executed endpoint 'EasyTripProject.Controllers.AdminController.Comments (EasyTripProject)'
2025-03-03 16:24:21.759 +03:00 [INF] Request finished HTTP/1.1 GET http://localhost:5250/Admin/Comments - 200 null text/html; charset=utf-8 10.3465ms
